2015-07-18 04:27:04 [main] INFO  TestClass:41 - logged in as ambekar_nikhil
2015-07-18 04:29:49 [main] INFO  TestClass:59 - Fetching location tweets from San fransisco
2015-07-18 04:29:50 [main] ERROR TestClass:52 - Issue with twitter4j getTimeline
twitter4j.TwitterException: 401:Authentication credentials (https://dev.twitter.com/pages/auth) were missing or incorrect. Ensure that you have set valid consumer key/secret, access token/secret, and the system clock is in sync.
message - Could not authenticate you.
code - 32

	at twitter4j.HttpClientImpl.handleRequest(HttpClientImpl.java:164) ~[twitter4j-core-4.0.4.jar:4.0.4]
	at twitter4j.HttpClientBase.request(HttpClientBase.java:57) ~[twitter4j-core-4.0.4.jar:4.0.4]
	at twitter4j.HttpClientBase.get(HttpClientBase.java:75) ~[twitter4j-core-4.0.4.jar:4.0.4]
	at twitter4j.TwitterBaseImpl.fillInIDAndScreenName(TwitterBaseImpl.java:129) ~[twitter4j-core-4.0.4.jar:4.0.4]
	at twitter4j.TwitterBaseImpl.getScreenName(TwitterBaseImpl.java:108) ~[twitter4j-core-4.0.4.jar:4.0.4]
	at com.test.TestClass.getHomeTimeline(TestClass.java:41) [HackTests/:?]
	at sun.reflect.NativeMethodAccessorImpl.invoke0(Native Method) ~[?:1.7.0_79]
	at sun.reflect.NativeMethodAccessorImpl.invoke(NativeMethodAccessorImpl.java:57) ~[?:1.7.0_79]
	at sun.reflect.DelegatingMethodAccessorImpl.invoke(DelegatingMethodAccessorImpl.java:43) ~[?:1.7.0_79]
	at java.lang.reflect.Method.invoke(Method.java:606) ~[?:1.7.0_79]
	at org.junit.runners.model.FrameworkMethod$1.runReflectiveCall(FrameworkMethod.java:47) [junit.jar:?]
	at org.junit.internal.runners.model.ReflectiveCallable.run(ReflectiveCallable.java:12) [junit.jar:?]
	at org.junit.runners.model.FrameworkMethod.invokeExplosively(FrameworkMethod.java:44) [junit.jar:?]
	at org.junit.internal.runners.statements.InvokeMethod.evaluate(InvokeMethod.java:17) [junit.jar:?]
	at org.junit.runners.ParentRunner.runLeaf(ParentRunner.java:271) [junit.jar:?]
	at org.junit.runners.BlockJUnit4ClassRunner.runChild(BlockJUnit4ClassRunner.java:70) [junit.jar:?]
	at org.junit.runners.BlockJUnit4ClassRunner.runChild(BlockJUnit4ClassRunner.java:50) [junit.jar:?]
	at org.junit.runners.ParentRunner$3.run(ParentRunner.java:238) [junit.jar:?]
	at org.junit.runners.ParentRunner$1.schedule(ParentRunner.java:63) [junit.jar:?]
	at org.junit.runners.ParentRunner.runChildren(ParentRunner.java:236) [junit.jar:?]
	at org.junit.runners.ParentRunner.access$000(ParentRunner.java:53) [junit.jar:?]
	at org.junit.runners.ParentRunner$2.evaluate(ParentRunner.java:229) [junit.jar:?]
	at org.junit.internal.runners.statements.RunBefores.evaluate(RunBefores.java:26) [junit.jar:?]
	at org.junit.runners.ParentRunner.run(ParentRunner.java:309) [junit.jar:?]
	at org.eclipse.jdt.internal.junit4.runner.JUnit4TestReference.run(JUnit4TestReference.java:50) [.cp/:?]
	at org.eclipse.jdt.internal.junit.runner.TestExecution.run(TestExecution.java:38) [.cp/:?]
	at org.eclipse.jdt.internal.junit.runner.RemoteTestRunner.runTests(RemoteTestRunner.java:459) [.cp/:?]
	at org.eclipse.jdt.internal.junit.runner.RemoteTestRunner.runTests(RemoteTestRunner.java:675) [.cp/:?]
	at org.eclipse.jdt.internal.junit.runner.RemoteTestRunner.run(RemoteTestRunner.java:382) [.cp/:?]
	at org.eclipse.jdt.internal.junit.runner.RemoteTestRunner.main(RemoteTestRunner.java:192) [.cp/:?]
2015-07-18 04:31:06 [main] INFO  TestClass:63 - Fetching location tweets from San fransisco
2015-07-18 04:31:07 [main] ERROR TestClass:79 - Issue with twitter4j getTimeline
twitter4j.TwitterException: 401:Authentication credentials (https://dev.twitter.com/pages/auth) were missing or incorrect. Ensure that you have set valid consumer key/secret, access token/secret, and the system clock is in sync.
message - Could not authenticate you.
code - 32
	at twitter4j.HttpClientImpl.handleRequest(HttpClientImpl.java:164) ~[twitter4j-core-4.0.4.jar:4.0.4]
	at twitter4j.HttpClientBase.request(HttpClientBase.java:57) ~[twitter4j-core-4.0.4.jar:4.0.4]
	at twitter4j.HttpClientBase.get(HttpClientBase.java:75) ~[twitter4j-core-4.0.4.jar:4.0.4]
	at twitter4j.TwitterImpl.get(TwitterImpl.java:1786) ~[twitter4j-core-4.0.4.jar:4.0.4]
	at twitter4j.TwitterImpl.search(TwitterImpl.java:255) ~[twitter4j-core-4.0.4.jar:4.0.4]
	at com.test.TestClass.test(TestClass.java:69) [HackTests/:?]
	at sun.reflect.NativeMethodAccessorImpl.invoke0(Native Method) ~[?:1.7.0_79]
	at sun.reflect.NativeMethodAccessorImpl.invoke(NativeMethodAccessorImpl.java:57) ~[?:1.7.0_79]
	at sun.reflect.DelegatingMethodAccessorImpl.invoke(DelegatingMethodAccessorImpl.java:43) ~[?:1.7.0_79]
	at java.lang.reflect.Method.invoke(Method.java:606) ~[?:1.7.0_79]
	at org.junit.runners.model.FrameworkMethod$1.runReflectiveCall(FrameworkMethod.java:47) [junit.jar:?]
	at org.junit.internal.runners.model.ReflectiveCallable.run(ReflectiveCallable.java:12) [junit.jar:?]
	at org.junit.runners.model.FrameworkMethod.invokeExplosively(FrameworkMethod.java:44) [junit.jar:?]
	at org.junit.internal.runners.statements.InvokeMethod.evaluate(InvokeMethod.java:17) [junit.jar:?]
	at org.junit.runners.ParentRunner.runLeaf(ParentRunner.java:271) [junit.jar:?]
	at org.junit.runners.BlockJUnit4ClassRunner.runChild(BlockJUnit4ClassRunner.java:70) [junit.jar:?]
	at org.junit.runners.BlockJUnit4ClassRunner.runChild(BlockJUnit4ClassRunner.java:50) [junit.jar:?]
	at org.junit.runners.ParentRunner$3.run(ParentRunner.java:238) [junit.jar:?]
	at org.junit.runners.ParentRunner$1.schedule(ParentRunner.java:63) [junit.jar:?]
	at org.junit.runners.ParentRunner.runChildren(ParentRunner.java:236) [junit.jar:?]
	at org.junit.runners.ParentRunner.access$000(ParentRunner.java:53) [junit.jar:?]
	at org.junit.runners.ParentRunner$2.evaluate(ParentRunner.java:229) [junit.jar:?]
	at org.junit.internal.runners.statements.RunBefores.evaluate(RunBefores.java:26) [junit.jar:?]
	at org.junit.runners.ParentRunner.run(ParentRunner.java:309) [junit.jar:?]
	at org.eclipse.jdt.internal.junit4.runner.JUnit4TestReference.run(JUnit4TestReference.java:50) [.cp/:?]
	at org.eclipse.jdt.internal.junit.runner.TestExecution.run(TestExecution.java:38) [.cp/:?]
	at org.eclipse.jdt.internal.junit.runner.RemoteTestRunner.runTests(RemoteTestRunner.java:459) [.cp/:?]
	at org.eclipse.jdt.internal.junit.runner.RemoteTestRunner.runTests(RemoteTestRunner.java:675) [.cp/:?]
	at org.eclipse.jdt.internal.junit.runner.RemoteTestRunner.run(RemoteTestRunner.java:382) [.cp/:?]
	at org.eclipse.jdt.internal.junit.runner.RemoteTestRunner.main(RemoteTestRunner.java:192) [.cp/:?]
2015-07-18 05:01:09 [main] INFO  TestClass:64 - Fetching location tweets from San fransisco
2015-07-18 05:01:10 [main] INFO  TestClass:87 - Fetching location tweets from San fransisco
2015-07-18 05:01:21 [main] INFO  TestClass:87 - Fetching location tweets from San fransisco
2015-07-18 05:01:35 [main] ERROR TestClass:100 - Issue with twitter4j followers
twitter4j.TwitterException: 429:Returned in API v1.1 when a request cannot be served due to the application's rate limit having been exhausted for the resource. See Rate Limiting in API v1.1.(https://dev.twitter.com/docs/rate-limiting/1.1)
message - Rate limit exceeded
code - 88

	at twitter4j.HttpClientImpl.handleRequest(HttpClientImpl.java:164) ~[twitter4j-core-4.0.4.jar:4.0.4]
	at twitter4j.HttpClientBase.request(HttpClientBase.java:57) ~[twitter4j-core-4.0.4.jar:4.0.4]
	at twitter4j.HttpClientBase.get(HttpClientBase.java:75) ~[twitter4j-core-4.0.4.jar:4.0.4]
	at twitter4j.TwitterImpl.get(TwitterImpl.java:1768) ~[twitter4j-core-4.0.4.jar:4.0.4]
	at twitter4j.TwitterImpl.showUser(TwitterImpl.java:806) ~[twitter4j-core-4.0.4.jar:4.0.4]
	at com.test.TestClass.fetchFollowers(TestClass.java:95) [HackTests/:?]
	at sun.reflect.NativeMethodAccessorImpl.invoke0(Native Method) ~[?:1.7.0_79]
	at sun.reflect.NativeMethodAccessorImpl.invoke(NativeMethodAccessorImpl.java:57) ~[?:1.7.0_79]
	at sun.reflect.DelegatingMethodAccessorImpl.invoke(DelegatingMethodAccessorImpl.java:43) ~[?:1.7.0_79]
	at java.lang.reflect.Method.invoke(Method.java:606) ~[?:1.7.0_79]
	at org.junit.runners.model.FrameworkMethod$1.runReflectiveCall(FrameworkMethod.java:47) [junit.jar:?]
	at org.junit.internal.runners.model.ReflectiveCallable.run(ReflectiveCallable.java:12) [junit.jar:?]
	at org.junit.runners.model.FrameworkMethod.invokeExplosively(FrameworkMethod.java:44) [junit.jar:?]
	at org.junit.internal.runners.statements.InvokeMethod.evaluate(InvokeMethod.java:17) [junit.jar:?]
	at org.junit.runners.ParentRunner.runLeaf(ParentRunner.java:271) [junit.jar:?]
	at org.junit.runners.BlockJUnit4ClassRunner.runChild(BlockJUnit4ClassRunner.java:70) [junit.jar:?]
	at org.junit.runners.BlockJUnit4ClassRunner.runChild(BlockJUnit4ClassRunner.java:50) [junit.jar:?]
	at org.junit.runners.ParentRunner$3.run(ParentRunner.java:238) [junit.jar:?]
	at org.junit.runners.ParentRunner$1.schedule(ParentRunner.java:63) [junit.jar:?]
	at org.junit.runners.ParentRunner.runChildren(ParentRunner.java:236) [junit.jar:?]
	at org.junit.runners.ParentRunner.access$000(ParentRunner.java:53) [junit.jar:?]
	at org.junit.runners.ParentRunner$2.evaluate(ParentRunner.java:229) [junit.jar:?]
	at org.junit.internal.runners.statements.RunBefores.evaluate(RunBefores.java:26) [junit.jar:?]
	at org.junit.runners.ParentRunner.run(ParentRunner.java:309) [junit.jar:?]
	at org.eclipse.jdt.internal.junit4.runner.JUnit4TestReference.run(JUnit4TestReference.java:50) [.cp/:?]
	at org.eclipse.jdt.internal.junit.runner.TestExecution.run(TestExecution.java:38) [.cp/:?]
	at org.eclipse.jdt.internal.junit.runner.RemoteTestRunner.runTests(RemoteTestRunner.java:459) [.cp/:?]
	at org.eclipse.jdt.internal.junit.runner.RemoteTestRunner.runTests(RemoteTestRunner.java:675) [.cp/:?]
	at org.eclipse.jdt.internal.junit.runner.RemoteTestRunner.run(RemoteTestRunner.java:382) [.cp/:?]
	at org.eclipse.jdt.internal.junit.runner.RemoteTestRunner.main(RemoteTestRunner.java:192) [.cp/:?]
2015-07-18 05:01:35 [main] INFO  TestClass:46 - logged in as ambekar_nikhil
2015-07-18 05:04:11 [main] INFO  TestClass:64 - Fetching location tweets from San fransisco
2015-07-18 05:04:12 [main] INFO  TestClass:87 - Fetching location tweets from San fransisco
2015-07-18 05:04:12 [main] ERROR TestClass:100 - Issue with twitter4j followers
twitter4j.TwitterException: 429:Returned in API v1.1 when a request cannot be served due to the application's rate limit having been exhausted for the resource. See Rate Limiting in API v1.1.(https://dev.twitter.com/docs/rate-limiting/1.1)
message - Rate limit exceeded
code - 88

	at twitter4j.HttpClientImpl.handleRequest(HttpClientImpl.java:164) ~[twitter4j-core-4.0.4.jar:4.0.4]
	at twitter4j.HttpClientBase.request(HttpClientBase.java:57) ~[twitter4j-core-4.0.4.jar:4.0.4]
	at twitter4j.HttpClientBase.get(HttpClientBase.java:75) ~[twitter4j-core-4.0.4.jar:4.0.4]
	at twitter4j.TwitterImpl.get(TwitterImpl.java:1768) ~[twitter4j-core-4.0.4.jar:4.0.4]
	at twitter4j.TwitterImpl.showUser(TwitterImpl.java:806) ~[twitter4j-core-4.0.4.jar:4.0.4]
	at com.test.TestClass.fetchFollowers(TestClass.java:95) [HackTests/:?]
	at sun.reflect.NativeMethodAccessorImpl.invoke0(Native Method) ~[?:1.7.0_79]
	at sun.reflect.NativeMethodAccessorImpl.invoke(NativeMethodAccessorImpl.java:57) ~[?:1.7.0_79]
	at sun.reflect.DelegatingMethodAccessorImpl.invoke(DelegatingMethodAccessorImpl.java:43) ~[?:1.7.0_79]
	at java.lang.reflect.Method.invoke(Method.java:606) ~[?:1.7.0_79]
	at org.junit.runners.model.FrameworkMethod$1.runReflectiveCall(FrameworkMethod.java:47) [junit.jar:?]
	at org.junit.internal.runners.model.ReflectiveCallable.run(ReflectiveCallable.java:12) [junit.jar:?]
	at org.junit.runners.model.FrameworkMethod.invokeExplosively(FrameworkMethod.java:44) [junit.jar:?]
	at org.junit.internal.runners.statements.InvokeMethod.evaluate(InvokeMethod.java:17) [junit.jar:?]
	at org.junit.runners.ParentRunner.runLeaf(ParentRunner.java:271) [junit.jar:?]
	at org.junit.runners.BlockJUnit4ClassRunner.runChild(BlockJUnit4ClassRunner.java:70) [junit.jar:?]
	at org.junit.runners.BlockJUnit4ClassRunner.runChild(BlockJUnit4ClassRunner.java:50) [junit.jar:?]
	at org.junit.runners.ParentRunner$3.run(ParentRunner.java:238) [junit.jar:?]
	at org.junit.runners.ParentRunner$1.schedule(ParentRunner.java:63) [junit.jar:?]
	at org.junit.runners.ParentRunner.runChildren(ParentRunner.java:236) [junit.jar:?]
	at org.junit.runners.ParentRunner.access$000(ParentRunner.java:53) [junit.jar:?]
	at org.junit.runners.ParentRunner$2.evaluate(ParentRunner.java:229) [junit.jar:?]
	at org.junit.internal.runners.statements.RunBefores.evaluate(RunBefores.java:26) [junit.jar:?]
	at org.junit.runners.ParentRunner.run(ParentRunner.java:309) [junit.jar:?]
	at org.eclipse.jdt.internal.junit4.runner.JUnit4TestReference.run(JUnit4TestReference.java:50) [.cp/:?]
	at org.eclipse.jdt.internal.junit.runner.TestExecution.run(TestExecution.java:38) [.cp/:?]
	at org.eclipse.jdt.internal.junit.runner.RemoteTestRunner.runTests(RemoteTestRunner.java:459) [.cp/:?]
	at org.eclipse.jdt.internal.junit.runner.RemoteTestRunner.runTests(RemoteTestRunner.java:675) [.cp/:?]
	at org.eclipse.jdt.internal.junit.runner.RemoteTestRunner.run(RemoteTestRunner.java:382) [.cp/:?]
	at org.eclipse.jdt.internal.junit.runner.RemoteTestRunner.main(RemoteTestRunner.java:192) [.cp/:?]
2015-07-18 05:04:12 [main] INFO  TestClass:46 - logged in as ambekar_nikhil
